0 info it worked if it ends with ok
1 verbose cli [ 'node', '/usr/local/bin/npm', 'install', '-g', 'http-server' ]
2 info using npm@2.1.3
3 info using node@v0.10.32
4 silly cache add args [ 'http-server', null ]
5 verbose cache add spec http-server
6 silly cache add parsed spec { raw: 'http-server',
6 silly cache add   scope: null,
6 silly cache add   name: 'http-server',
6 silly cache add   rawSpec: '',
6 silly cache add   spec: '*',
6 silly cache add   type: 'range' }
7 verbose addNamed http-server@*
8 verbose addNamed http-server@* not in flight; adding
9 silly addNamed semver.valid null
10 silly addNamed semver.validRange *
11 silly addNameRange { name: 'http-server', range: '*', hasData: false }
12 verbose mapToRegistry name http-server
13 verbose mapToRegistry uri https://registry.npmjs.org/http-server
14 verbose request on initialization, where is /http-server
15 verbose request after pass 1, where is /http-server
16 verbose request url raw /http-server
17 verbose request resolving registry [ 'https://registry.npmjs.org/', './http-server' ]
18 verbose request after pass 2, where is https://registry.npmjs.org/http-server
19 verbose request no auth needed
20 info attempt registry request try #1 at 10:34:33
21 verbose request id 952437ade12ce5e1
22 http request GET https://registry.npmjs.org/http-server
23 http 200 https://registry.npmjs.org/http-server
24 silly registry.get cb [ 200,
24 silly registry.get   { date: 'Thu, 12 Mar 2015 14:34:33 GMT',
24 silly registry.get     server: 'CouchDB/1.5.0 (Erlang OTP/R16B03)',
24 silly registry.get     etag: '"AQ1Y6EE4HVDUDRAC1597W9MM2"',
24 silly registry.get     'content-type': 'application/json',
24 silly registry.get     'cache-control': 'max-age=60',
24 silly registry.get     'content-length': '42483',
24 silly registry.get     'accept-ranges': 'bytes',
24 silly registry.get     via: '1.1 varnish',
24 silly registry.get     age: '3',
24 silly registry.get     'x-served-by': 'cache-iad2122-IAD',
24 silly registry.get     'x-cache': 'HIT',
24 silly registry.get     'x-cache-hits': '1',
24 silly registry.get     'x-timer': 'S1426170873.780740,VS0,VE0',
24 silly registry.get     vary: 'Accept',
24 silly registry.get     'keep-alive': 'timeout=10, max=50',
24 silly registry.get     connection: 'Keep-Alive' } ]
25 silly addNameRange number 2 { name: 'http-server', range: '*', hasData: true }
26 silly addNameRange versions [ 'http-server',
26 silly addNameRange   [ '0.1.0',
26 silly addNameRange     '0.1.1',
26 silly addNameRange     '0.1.3',
26 silly addNameRange     '0.2.1',
26 silly addNameRange     '0.2.2',
26 silly addNameRange     '0.2.3',
26 silly addNameRange     '0.2.4',
26 silly addNameRange     '0.2.5',
26 silly addNameRange     '0.2.6',
26 silly addNameRange     '0.2.9',
26 silly addNameRange     '0.3.0',
26 silly addNameRange     '0.4.0',
26 silly addNameRange     '0.4.1',
26 silly addNameRange     '0.5.0',
26 silly addNameRange     '0.5.1',
26 silly addNameRange     '0.5.2',
26 silly addNameRange     '0.5.3',
26 silly addNameRange     '0.5.5',
26 silly addNameRange     '0.6.0',
26 silly addNameRange     '0.6.1',
26 silly addNameRange     '0.7.0',
26 silly addNameRange     '0.7.1',
26 silly addNameRange     '0.7.2',
26 silly addNameRange     '0.7.3',
26 silly addNameRange     '0.7.4',
26 silly addNameRange     '0.7.5' ] ]
27 verbose addNamed http-server@0.7.5
28 verbose addNamed http-server@0.7.5 not in flight; adding
29 silly addNamed semver.valid 0.7.5
30 silly addNamed semver.validRange 0.7.5
31 verbose addRemoteTarball https://registry.npmjs.org/http-server/-/http-server-0.7.5.tgz not in flight; adding
32 verbose addRemoteTarball [ 'https://registry.npmjs.org/http-server/-/http-server-0.7.5.tgz',
32 verbose addRemoteTarball   'b18bd1d838e78c30be8cf382e9342ebdd17a9fc3' ]
33 info retry fetch attempt 1 at 10:34:33
34 info attempt registry request try #1 at 10:34:33
35 http fetch GET https://registry.npmjs.org/http-server/-/http-server-0.7.5.tgz
36 http fetch 200 https://registry.npmjs.org/http-server/-/http-server-0.7.5.tgz
37 silly fetchAndShaCheck shasum b18bd1d838e78c30be8cf382e9342ebdd17a9fc3
38 verbose addTmpTarball /var/folders/4w/z1lwsk2x2h58d0w75n26zr0m0000gn/T/npm-758-a0e0bce2/registry.npmjs.org/http-server/-/http-server-0.7.5.tgz not in flight; verifying
39 verbose addTmpTarball already have metadata; skipping unpack
40 verbose afterAdd /Users/guylepage/.npm/http-server/0.7.5/package/package.json not in flight; writing
41 silly install resolved [ { name: 'http-server',
41 silly install resolved     version: '0.7.5',
41 silly install resolved     description: 'a simple zero-configuration command-line http server',
41 silly install resolved     main: './lib/http-server',
41 silly install resolved     repository:
41 silly install resolved      { type: 'git',
41 silly install resolved        url: 'git://github.com/nodeapps/http-server.git' },
41 silly install resolved     keywords: [ 'cli', 'command' ],
41 silly install resolved     scripts:
41 silly install resolved      { start: 'node ./bin/http-server',
41 silly install resolved        pretest: 'stylezero bin/ lib/ test',
41 silly install resolved        test: 'vows --spec --isolate' },
41 silly install resolved     contributors:
41 silly install resolved      [ [Object],
41 silly install resolved        [Object],
41 silly install resolved        [Object],
41 silly install resolved        [Object],
41 silly install resolved        [Object],
41 silly install resolved        [Object],
41 silly install resolved        [Object],
41 silly install resolved        [Object],
41 silly install resolved        [Object],
41 silly install resolved        [Object] ],
41 silly install resolved     dependencies:
41 silly install resolved      { colors: '1.0.3',
41 silly install resolved        optimist: '0.6.x',
41 silly install resolved        union: '~0.4.3',
41 silly install resolved        ecstatic: '~0.6.0',
41 silly install resolved        portfinder: '0.2.x',
41 silly install resolved        opener: '~1.4.0' },
41 silly install resolved     devDependencies: { vows: '0.7.x', request: '2.49.x', stylezero: '2.1.1' },
41 silly install resolved     bugs: { url: 'https://github.com/nodeapps/http-server/issues' },
41 silly install resolved     licenses: [ [Object] ],
41 silly install resolved     analyze: false,
41 silly install resolved     preferGlobal: 'true',
41 silly install resolved     bin: { 'http-server': './bin/http-server', hs: './bin/http-server' },
41 silly install resolved     gitHead: '120daa2b1bbca84bf1474bd757e147d95fdab3ed',
41 silly install resolved     homepage: 'https://github.com/nodeapps/http-server',
41 silly install resolved     _id: 'http-server@0.7.5',
41 silly install resolved     _shasum: 'b18bd1d838e78c30be8cf382e9342ebdd17a9fc3',
41 silly install resolved     _from: 'http-server@*',
41 silly install resolved     _npmVersion: '2.2.0',
41 silly install resolved     _nodeVersion: '0.10.33',
41 silly install resolved     _npmUser: { name: 'indexzero', email: 'charlie.robbins@gmail.com' },
41 silly install resolved     maintainers: [ [Object] ],
41 silly install resolved     dist:
41 silly install resolved      { shasum: 'b18bd1d838e78c30be8cf382e9342ebdd17a9fc3',
41 silly install resolved        tarball: 'http://registry.npmjs.org/http-server/-/http-server-0.7.5.tgz' },
41 silly install resolved     directories: {},
41 silly install resolved     _resolved: 'https://registry.npmjs.org/http-server/-/http-server-0.7.5.tgz' } ]
42 info install http-server@0.7.5 into /usr/local/lib
43 info installOne http-server@0.7.5
44 verbose lock using /Users/guylepage/.npm/_locks/http-server-ae30c9ae1f4c5eaa.lock for /usr/local/lib/node_modules/http-server
45 warn locking Error: EACCES, open '/Users/guylepage/.npm/_locks/http-server-ae30c9ae1f4c5eaa.lock'
45 warn locking  failed { [Error: EACCES, open '/Users/guylepage/.npm/_locks/http-server-ae30c9ae1f4c5eaa.lock']
45 warn locking   errno: 3,
45 warn locking   code: 'EACCES',
45 warn locking   path: '/Users/guylepage/.npm/_locks/http-server-ae30c9ae1f4c5eaa.lock' }
46 verbose stack Error: Attempt to unlock /usr/local/lib/node_modules/http-server, which hasn't been locked
46 verbose stack     at unlock (/usr/local/lib/node_modules/npm/lib/utils/locker.js:54:11)
46 verbose stack     at cb (/usr/local/lib/node_modules/npm/lib/install.js:909:5)
46 verbose stack     at /usr/local/lib/node_modules/npm/lib/install.js:913:20
46 verbose stack     at /usr/local/lib/node_modules/npm/lib/utils/locker.js:36:9
46 verbose stack     at cb (/usr/local/lib/node_modules/npm/node_modules/lockfile/lockfile.js:149:38)
46 verbose stack     at /usr/local/lib/node_modules/npm/node_modules/lockfile/lockfile.js:177:38
46 verbose stack     at Object.oncomplete (fs.js:107:15)
47 verbose cwd /Users/guylepage/Dropbox/Sites/digitalpassport/app
48 error Darwin 14.3.0
49 error argv "node" "/usr/local/bin/npm" "install" "-g" "http-server"
50 error node v0.10.32
51 error npm  v2.1.3
52 error Attempt to unlock /usr/local/lib/node_modules/http-server, which hasn't been locked
53 error If you need help, you may report this error at:
53 error     <http://github.com/npm/npm/issues>
54 verbose exit [ 1, true ]
